Grammaire

    0 $accept: A $end

    1 A: S '\n'

    2 S: 'a' S 'b'
    3  | 'a' 'b'


Terminaux, suivis des règles où ils apparaissent

$end (0) 0
'\n' (10) 1
'a' (97) 2 3
'b' (98) 2 3
error (256)


Non-terminaux, suivis des règles où ils apparaissent

$accept (6)
    à gauche: 0
A (7)
    à gauche: 1, à droite: 0
S (8)
    à gauche: 2 3, à droite: 1 2


État 0

    0 $accept: . A $end

    'a'  décalage et aller à l'état 1

    A  aller à l'état 2
    S  aller à l'état 3


État 1

    2 S: 'a' . S 'b'
    3  | 'a' . 'b'

    'a'  décalage et aller à l'état 1
    'b'  décalage et aller à l'état 4

    S  aller à l'état 5


État 2

    0 $accept: A . $end

    $end  décalage et aller à l'état 6


État 3

    1 A: S . '\n'

    '\n'  décalage et aller à l'état 7


État 4

    3 S: 'a' 'b' .

    $défaut  réduction par utilisation de la règle 3 (S)


État 5

    2 S: 'a' S . 'b'

    'b'  décalage et aller à l'état 8


État 6

    0 $accept: A $end .

    $défaut  accepter


État 7

    1 A: S '\n' .

    $défaut  réduction par utilisation de la règle 1 (A)


État 8

    2 S: 'a' S 'b' .

    $défaut  réduction par utilisation de la règle 2 (S)
